0 info it worked if it ends with ok
1 verbose cli [ '/usr/bin/nodejs', '/usr/bin/npm', 'run', 'serve' ]
2 info using npm@3.10.3
3 info using node@v6.7.0
4 verbose run-script [ 'preserve', 'serve', 'postserve' ]
5 info lifecycle team-project-client@0.0.1~preserve: team-project-client@0.0.1
6 silly lifecycle team-project-client@0.0.1~preserve: no script for preserve, continuing
7 info lifecycle team-project-client@0.0.1~serve: team-project-client@0.0.1
8 verbose lifecycle team-project-client@0.0.1~serve: unsafe-perm in lifecycle true
9 verbose lifecycle team-project-client@0.0.1~serve: PATH: /usr/lib/node_modules/npm/bin/node-gyp-bin:/home/chrisjfaria/Documents/CS326/team-project-client-template/node_modules/.bin:/usr/bin:/home/chrisjfaria/bin:/home/chrisjfaria/.local/bin:/usr/local/sbin:/usr/local/bin:/usr/sbin:/usr/bin:/sbin:/bin:/usr/games:/usr/local/games:/snap/bin
10 verbose lifecycle team-project-client@0.0.1~serve: CWD: /home/chrisjfaria/Documents/CS326/team-project-client-template
11 silly lifecycle team-project-client@0.0.1~serve: Args: [ '-c', 'webpack-dev-server --content-base build' ]
12 silly lifecycle team-project-client@0.0.1~serve: Returned: code: 1  signal: null
13 info lifecycle team-project-client@0.0.1~serve: Failed to exec serve script
14 verbose stack Error: team-project-client@0.0.1 serve: `webpack-dev-server --content-base build`
14 verbose stack Exit status 1
14 verbose stack     at EventEmitter.<anonymous> (/usr/lib/node_modules/npm/lib/utils/lifecycle.js:242:16)
14 verbose stack     at emitTwo (events.js:106:13)
14 verbose stack     at EventEmitter.emit (events.js:191:7)
14 verbose stack     at ChildProcess.<anonymous> (/usr/lib/node_modules/npm/lib/utils/spawn.js:40:14)
14 verbose stack     at emitTwo (events.js:106:13)
14 verbose stack     at ChildProcess.emit (events.js:191:7)
14 verbose stack     at maybeClose (internal/child_process.js:877:16)
14 verbose stack     at Process.ChildProcess._handle.onexit (internal/child_process.js:226:5)
15 verbose pkgid team-project-client@0.0.1
16 verbose cwd /home/chrisjfaria/Documents/CS326/team-project-client-template/build
17 error Linux 4.4.0-31-generic
18 error argv "/usr/bin/nodejs" "/usr/bin/npm" "run" "serve"
19 error node v6.7.0
20 error npm  v3.10.3
21 error code ELIFECYCLE
22 error team-project-client@0.0.1 serve: `webpack-dev-server --content-base build`
22 error Exit status 1
23 error Failed at the team-project-client@0.0.1 serve script 'webpack-dev-server --content-base build'.
23 error Make sure you have the latest version of node.js and npm installed.
23 error If you do, this is most likely a problem with the team-project-client package,
23 error not with npm itself.
23 error Tell the author that this fails on your system:
23 error     webpack-dev-server --content-base build
23 error You can get information on how to open an issue for this project with:
23 error     npm bugs team-project-client
23 error Or if that isn't available, you can get their info via:
23 error     npm owner ls team-project-client
23 error There is likely additional logging output above.
24 verbose exit [ 1, true ]
